\BOOKMARK [1][-]{section.1}{\376\377\133\236\163\260\122\237\200\375\123\312\145\164\117\123\150\106\147\266}{}% 1
\BOOKMARK [2][-]{subsection.1.1}{\376\377\133\236\163\260\122\237\200\375}{section.1}% 2
\BOOKMARK [2][-]{subsection.1.2}{\376\377\145\164\117\123\150\106\147\266}{section.1}% 3
\BOOKMARK [3][-]{subsubsection.1.2.1}{\376\377\121\375\145\160\130\360\146\016}{subsection.1.2}% 4
\BOOKMARK [3][-]{subsubsection.1.2.2}{\376\377\116\073\121\375\145\160}{subsection.1.2}% 5
\BOOKMARK [3][-]{subsubsection.1.2.3}{\376\377\217\223\121\145\131\004\164\006}{subsection.1.2}% 6
\BOOKMARK [3][-]{subsubsection.1.2.4}{\376\377\122\044\145\255\217\223\121\145\124\010\154\325\140\047}{subsection.1.2}% 7
\BOOKMARK [3][-]{subsubsection.1.2.5}{\376\377\127\372\147\054\122\237\200\375}{subsection.1.2}% 8
\BOOKMARK [3][-]{subsubsection.1.2.6}{\376\377\217\333\226\066\122\237\200\375}{subsection.1.2}% 9
\BOOKMARK [1][-]{section.2}{\376\377\213\276\213\241\123\312\133\236\163\260\140\035\215\357}{}% 10
\BOOKMARK [2][-]{subsection.2.1}{\376\377\146\076\171\072\116\052\116\272\117\341\140\157}{section.2}% 11
\BOOKMARK [2][-]{subsection.2.2}{\376\377\131\004\164\006\217\223\121\145}{section.2}% 12
\BOOKMARK [2][-]{subsection.2.3}{\376\377\127\372\147\054\122\237\200\375}{section.2}% 13
\BOOKMARK [3][-]{subsubsection.2.3.1}{\376\377\203\267\123\326\217\320\173\227\173\046\117\030\121\110\176\247}{subsection.2.3}% 14
\BOOKMARK [3][-]{subsubsection.2.3.2}{\376\377\116\055\177\000\217\154\124\016\177\000}{subsection.2.3}% 15
\BOOKMARK [3][-]{subsubsection.2.3.3}{\376\377\213\241\173\227\124\016\177\000\210\150\217\276\137\017}{subsection.2.3}% 16
\BOOKMARK [2][-]{subsection.2.4}{\376\377\217\333\226\066\122\237\200\375}{section.2}% 17
\BOOKMARK [3][-]{subsubsection.2.4.1}{\376\377\145\160\143\156\122\006\122\162}{subsection.2.4}% 18
\BOOKMARK [3][-]{subsubsection.2.4.2}{\376\377\213\241\173\227\116\044\145\160\166\370\116\130}{subsection.2.4}% 19
\BOOKMARK [2][-]{subsection.2.5}{\376\377\172\013\136\217\234\201\150\322\140\047}{section.2}% 20
\BOOKMARK [3][-]{subsubsection.2.5.1}{\376\377\127\372\147\054\122\237\200\375\217\223\121\145\137\002\136\070}{subsection.2.5}% 21
\BOOKMARK [3][-]{subsubsection.2.5.2}{\376\377\217\333\226\066\122\237\200\375\217\223\121\145\137\002\136\070}{subsection.2.5}% 22
\BOOKMARK [1][-]{section.3}{\376\377\117\177\165\050\213\364\146\016\123\312\133\236\163\260\145\110\147\234}{}% 23
\BOOKMARK [2][-]{subsection.3.1}{\376\377\137\000\131\313}{section.3}% 24
\BOOKMARK [2][-]{subsection.3.2}{\376\377\122\237\200\375\0001\377\032\127\372\147\054\122\237\200\375}{section.3}% 25
\BOOKMARK [2][-]{subsection.3.3}{\376\377\122\237\200\375\0002\377\032\217\333\226\066\122\237\200\375}{section.3}% 26
